[0m15:00:35.124769 [debug] [MainThread]: Sending event: {'category': 'dbt', 'action': 'invocation', 'label': 'start', 'context': [<snowplow_tracker.self_describing_json.SelfDescribingJson object at 0x000001F21E3DD690>, <snowplow_tracker.self_describing_json.SelfDescribingJson object at 0x000001F21E6369D0>, <snowplow_tracker.self_describing_json.SelfDescribingJson object at 0x000001F21E6A6690>]}


============================== 15:00:35.128308 | f9618848-9482-4328-96c3-5c1cd1d41775 ==============================
[0m15:00:35.128308 [info ] [MainThread]: Running with dbt=1.10.8
[0m15:00:35.129309 [debug] [MainThread]: running dbt with arguments {'printer_width': '80', 'indirect_selection': 'eager', 'log_cache_events': 'False', 'write_json': 'True', 'partial_parse': 'True', 'cache_selected_only': 'False', 'profiles_dir': 'C:\\Users\\patri\\.dbt', 'fail_fast': 'False', 'debug': 'False', 'log_path': 'logs', 'version_check': 'True', 'warn_error': 'None', 'use_colors': 'True', 'use_experimental_parser': 'False', 'empty': 'None', 'quiet': 'False', 'no_print': 'None', 'log_format': 'default', 'invocation_command': 'dbt init streampulse_dbt', 'introspect': 'True', 'warn_error_options': 'WarnErrorOptionsV2(error=[], warn=[], silence=[])', 'target_path': 'None', 'static_parser': 'True', 'send_anonymous_usage_stats': 'True'}
[0m15:00:35.146308 [info ] [MainThread]: Creating dbt configuration folder at C:\Users\patri\.dbt
[0m15:00:35.150307 [debug] [MainThread]: Starter project path: E:\anaconda3\envs\streampulse\Lib\site-packages\dbt\include\starter_project
[0m15:00:35.165847 [info ] [MainThread]: 
Your new dbt project "streampulse_dbt" was created!

For more information on how to configure the profiles.yml file,
please consult the dbt documentation here:

  https://docs.getdbt.com/docs/configure-your-profile

One more thing:

Need help? Don't hesitate to reach out to us via GitHub issues or on Slack:

  https://community.getdbt.com/

Happy modeling!

[0m15:00:35.166847 [info ] [MainThread]: Setting up your profile.
[0m15:04:24.460728 [info ] [MainThread]: Profile streampulse_dbt written to C:\Users\patri\.dbt\profiles.yml using target's profile_template.yml and your supplied values. Run 'dbt debug' to validate the connection.
[0m15:04:24.462728 [debug] [MainThread]: Command `dbt init` succeeded at 15:04:24.462728 after 229.41 seconds
[0m15:04:24.462728 [debug] [MainThread]: Sending event: {'category': 'dbt', 'action': 'invocation', 'label': 'end', 'context': [<snowplow_tracker.self_describing_json.SelfDescribingJson object at 0x000001F217968590>, <snowplow_tracker.self_describing_json.SelfDescribingJson object at 0x000001F217968210>, <snowplow_tracker.self_describing_json.SelfDescribingJson object at 0x000001F217968410>]}
[0m15:04:24.463727 [debug] [MainThread]: Flushing usage events
[0m15:04:24.896072 [debug] [MainThread]: An error was encountered while trying to flush usage events
[0m15:07:38.814079 [debug] [MainThread]: Sending event: {'category': 'dbt', 'action': 'invocation', 'label': 'start', 'context': [<snowplow_tracker.self_describing_json.SelfDescribingJson object at 0x000001FC13DAD610>, <snowplow_tracker.self_describing_json.SelfDescribingJson object at 0x000001FC14012050>, <snowplow_tracker.self_describing_json.SelfDescribingJson object at 0x000001FC14011C50>]}


============================== 15:07:38.818079 | ec7bcd82-ccd6-41a4-881f-a2f3a14acc1e ==============================
[0m15:07:38.818079 [info ] [MainThread]: Running with dbt=1.10.8
[0m15:07:38.818079 [debug] [MainThread]: running dbt with arguments {'printer_width': '80', 'indirect_selection': 'eager', 'log_cache_events': 'False', 'write_json': 'True', 'partial_parse': 'True', 'cache_selected_only': 'False', 'profiles_dir': 'C:\\Users\\patri\\.dbt', 'debug': 'False', 'fail_fast': 'False', 'log_path': 'logs', 'warn_error': 'None', 'version_check': 'True', 'use_colors': 'True', 'use_experimental_parser': 'False', 'no_print': 'None', 'quiet': 'False', 'empty': 'None', 'log_format': 'default', 'introspect': 'True', 'invocation_command': 'dbt debug', 'static_parser': 'True', 'target_path': 'None', 'warn_error_options': 'WarnErrorOptionsV2(error=[], warn=[], silence=[])', 'send_anonymous_usage_stats': 'True'}
[0m15:07:38.836194 [info ] [MainThread]: dbt version: 1.10.8
[0m15:07:38.837178 [info ] [MainThread]: python version: 3.11.14
[0m15:07:38.837178 [info ] [MainThread]: python path: E:\anaconda3\envs\streampulse\python.exe
[0m15:07:38.838178 [info ] [MainThread]: os info: Windows-10-10.0.19045-SP0
[0m15:07:38.885296 [info ] [MainThread]: Using profiles dir at C:\Users\patri\.dbt
[0m15:07:38.886296 [info ] [MainThread]: Using profiles.yml file at C:\Users\patri\.dbt\profiles.yml
[0m15:07:38.886296 [info ] [MainThread]: Using dbt_project.yml file at E:\projects\StreamPulse\dbt_project.yml
[0m15:07:38.887295 [info ] [MainThread]: adapter type: postgres
[0m15:07:38.888296 [info ] [MainThread]: adapter version: 1.8.2
[0m15:07:38.888296 [info ] [MainThread]: Configuration:
[0m15:07:38.889296 [info ] [MainThread]:   profiles.yml file [[32mOK found and valid[0m]
[0m15:07:38.889296 [info ] [MainThread]:   dbt_project.yml file [[31mERROR not found[0m]
[0m15:07:38.890296 [info ] [MainThread]: Required dependencies:
[0m15:07:38.890296 [debug] [MainThread]: Executing "git --help"
[0m15:07:38.929992 [debug] [MainThread]: STDOUT: "b"usage: git [-v | --version] [-h | --help] [-C <path>] [-c <name>=<value>]\n           [--exec-path[=<path>]] [--html-path] [--man-path] [--info-path]\n           [-p | --paginate | -P | --no-pager] [--no-replace-objects] [--no-lazy-fetch]\n           [--no-optional-locks] [--no-advice] [--bare] [--git-dir=<path>]\n           [--work-tree=<path>] [--namespace=<name>] [--config-env=<name>=<envvar>]\n           <command> [<args>]\n\nThese are common Git commands used in various situations:\n\nstart a working area (see also: git help tutorial)\n   clone      Clone a repository into a new directory\n   init       Create an empty Git repository or reinitialize an existing one\n\nwork on the current change (see also: git help everyday)\n   add        Add file contents to the index\n   mv         Move or rename a file, a directory, or a symlink\n   restore    Restore working tree files\n   rm         Remove files from the working tree and from the index\n\nexamine the history and state (see also: git help revisions)\n   bisect     Use binary search to find the commit that introduced a bug\n   diff       Show changes between commits, commit and working tree, etc\n   grep       Print lines matching a pattern\n   log        Show commit logs\n   show       Show various types of objects\n   status     Show the working tree status\n\ngrow, mark and tweak your common history\n   backfill   Download missing objects in a partial clone\n   branch     List, create, or delete branches\n   commit     Record changes to the repository\n   merge      Join two or more development histories together\n   rebase     Reapply commits on top of another base tip\n   reset      Reset current HEAD to the specified state\n   switch     Switch branches\n   tag        Create, list, delete or verify a tag object signed with GPG\n\ncollaborate (see also: git help workflows)\n   fetch      Download objects and refs from another repository\n   pull       Fetch from and integrate with another repository or a local branch\n   push       Update remote refs along with associated objects\n\n'git help -a' and 'git help -g' list available subcommands and some\nconcept guides. See 'git help <command>' or 'git help <concept>'\nto read about a specific subcommand or concept.\nSee 'git help git' for an overview of the system.\n""
[0m15:07:38.930975 [debug] [MainThread]: STDERR: "b''"
[0m15:07:38.930975 [info ] [MainThread]:  - git [[32mOK found[0m]

[0m15:07:38.931976 [info ] [MainThread]: Connection:
[0m15:07:38.931976 [info ] [MainThread]:   host: localhost
[0m15:07:38.932976 [info ] [MainThread]:   port: 5432
[0m15:07:38.932976 [info ] [MainThread]:   user: pipeline
[0m15:07:38.933976 [info ] [MainThread]:   database: twitch_chat
[0m15:07:38.934976 [info ] [MainThread]:   schema: public
[0m15:07:38.934976 [info ] [MainThread]:   connect_timeout: 10
[0m15:07:38.935974 [info ] [MainThread]:   role: None
[0m15:07:38.935974 [info ] [MainThread]:   search_path: None
[0m15:07:38.936976 [info ] [MainThread]:   keepalives_idle: 0
[0m15:07:38.936976 [info ] [MainThread]:   sslmode: None
[0m15:07:38.937976 [info ] [MainThread]:   sslcert: None
[0m15:07:38.937976 [info ] [MainThread]:   sslkey: None
[0m15:07:38.938977 [info ] [MainThread]:   sslrootcert: None
[0m15:07:38.938977 [info ] [MainThread]:   application_name: dbt
[0m15:07:38.939976 [info ] [MainThread]:   retries: 1
[0m15:07:38.939976 [info ] [MainThread]: Registered adapter: postgres=1.8.2
[0m15:07:39.357324 [debug] [MainThread]: Acquiring new postgres connection 'debug'
[0m15:07:39.497088 [debug] [MainThread]: Using postgres connection "debug"
[0m15:07:39.497088 [debug] [MainThread]: On debug: select 1 as id
[0m15:07:39.498088 [debug] [MainThread]: Opening a new connection, currently in state init
[0m15:07:39.528086 [debug] [MainThread]: SQL status: SELECT 1 in 0.031 seconds
[0m15:07:39.529086 [debug] [MainThread]: On debug: Close
[0m15:07:39.530086 [info ] [MainThread]:   Connection test: [[32mOK connection ok[0m]

[0m15:07:39.531088 [info ] [MainThread]: [31m1 check failed:[0m
[0m15:07:39.531088 [info ] [MainThread]: Project loading failed for the following reason:
 project path <E:\projects\StreamPulse\dbt_project.yml> not found

[0m15:07:39.532712 [debug] [MainThread]: Command `dbt debug` failed at 15:07:39.532712 after 0.79 seconds
[0m15:07:39.532712 [debug] [MainThread]: Connection 'debug' was properly closed.
[0m15:07:39.533626 [debug] [MainThread]: Sending event: {'category': 'dbt', 'action': 'invocation', 'label': 'end', 'context': [<snowplow_tracker.self_describing_json.SelfDescribingJson object at 0x000001FC156AC610>, <snowplow_tracker.self_describing_json.SelfDescribingJson object at 0x000001FC150F0110>, <snowplow_tracker.self_describing_json.SelfDescribingJson object at 0x000001FC0D328390>]}
[0m15:07:39.533626 [debug] [MainThread]: Flushing usage events
[0m15:07:39.992226 [debug] [MainThread]: An error was encountered while trying to flush usage events
[0m15:11:49.247968 [debug] [MainThread]: Sending event: {'category': 'dbt', 'action': 'invocation', 'label': 'start', 'context': [<snowplow_tracker.self_describing_json.SelfDescribingJson object at 0x0000015E14BD9550>, <snowplow_tracker.self_describing_json.SelfDescribingJson object at 0x0000015E14BA1C90>, <snowplow_tracker.self_describing_json.SelfDescribingJson object at 0x0000015E14BA1B10>]}


============================== 15:11:49.250967 | 7925cbf2-1f5f-41f8-9b2d-ea26a542cbe3 ==============================
[0m15:11:49.250967 [info ] [MainThread]: Running with dbt=1.10.8
[0m15:11:49.251967 [debug] [MainThread]: running dbt with arguments {'printer_width': '80', 'indirect_selection': 'eager', 'write_json': 'True', 'log_cache_events': 'False', 'partial_parse': 'True', 'cache_selected_only': 'False', 'profiles_dir': 'C:\\Users\\patri\\.dbt', 'fail_fast': 'False', 'warn_error': 'None', 'log_path': 'logs', 'version_check': 'True', 'debug': 'False', 'use_colors': 'True', 'use_experimental_parser': 'False', 'empty': 'None', 'quiet': 'False', 'no_print': 'None', 'log_format': 'default', 'invocation_command': 'dbt init dbt_transforms', 'introspect': 'True', 'static_parser': 'True', 'target_path': 'None', 'warn_error_options': 'WarnErrorOptionsV2(error=[], warn=[], silence=[])', 'send_anonymous_usage_stats': 'True'}
[0m15:11:49.268967 [info ] [MainThread]: A project called dbt_transforms already exists here.
[0m15:11:49.269968 [debug] [MainThread]: Command `dbt init` succeeded at 15:11:49.269968 after 0.09 seconds
[0m15:11:49.270967 [debug] [MainThread]: Sending event: {'category': 'dbt', 'action': 'invocation', 'label': 'end', 'context': [<snowplow_tracker.self_describing_json.SelfDescribingJson object at 0x0000015E14B97050>, <snowplow_tracker.self_describing_json.SelfDescribingJson object at 0x0000015E0DEC80D0>, <snowplow_tracker.self_describing_json.SelfDescribingJson object at 0x0000015E0DEC8210>]}
[0m15:11:49.270967 [debug] [MainThread]: Flushing usage events
[0m15:11:49.725034 [debug] [MainThread]: An error was encountered while trying to flush usage events
[0m15:13:23.673195 [debug] [MainThread]: Sending event: {'category': 'dbt', 'action': 'invocation', 'label': 'start', 'context': [<snowplow_tracker.self_describing_json.SelfDescribingJson object at 0x000001AC9642EB90>, <snowplow_tracker.self_describing_json.SelfDescribingJson object at 0x000001AC99C33990>, <snowplow_tracker.self_describing_json.SelfDescribingJson object at 0x000001AC99C30BD0>]}


============================== 15:13:23.676195 | 84a7ed73-1788-44ea-bc26-12e7e288c083 ==============================
[0m15:13:23.676195 [info ] [MainThread]: Running with dbt=1.10.8
[0m15:13:23.677195 [debug] [MainThread]: running dbt with arguments {'printer_width': '80', 'indirect_selection': 'eager', 'log_cache_events': 'False', 'write_json': 'True', 'partial_parse': 'True', 'cache_selected_only': 'False', 'warn_error': 'None', 'debug': 'False', 'version_check': 'True', 'log_path': 'logs', 'fail_fast': 'False', 'profiles_dir': 'C:\\Users\\patri\\.dbt', 'use_colors': 'True', 'use_experimental_parser': 'False', 'empty': 'None', 'quiet': 'False', 'no_print': 'None', 'warn_error_options': 'WarnErrorOptionsV2(error=[], warn=[], silence=[])', 'invocation_command': 'dbt init dbt_transforms', 'static_parser': 'True', 'log_format': 'default', 'target_path': 'None', 'introspect': 'True', 'send_anonymous_usage_stats': 'True'}
[0m15:13:23.694194 [info ] [MainThread]: A project called dbt_transforms already exists here.
[0m15:13:23.695195 [debug] [MainThread]: Command `dbt init` succeeded at 15:13:23.695195 after 0.09 seconds
[0m15:13:23.695195 [debug] [MainThread]: Sending event: {'category': 'dbt', 'action': 'invocation', 'label': 'end', 'context': [<snowplow_tracker.self_describing_json.SelfDescribingJson object at 0x000001AC9996D550>, <snowplow_tracker.self_describing_json.SelfDescribingJson object at 0x000001AC92E380D0>, <snowplow_tracker.self_describing_json.SelfDescribingJson object at 0x000001AC92E38210>]}
[0m15:13:23.696195 [debug] [MainThread]: Flushing usage events
[0m15:13:24.128796 [debug] [MainThread]: An error was encountered while trying to flush usage events
